<?xml version="1.0" encoding="UTF-8"?>
<!-- Generated by org.testng.reporters.JUnitReportReporter -->
<testsuite hostname="DESKTOP-5IJGHMC" failures="0" tests="1" name="com.vscodefirstproject.AppTest" time="0.213" errors="0" timestamp="2024-10-09T13:29:31 EDT" skipped="0">
  <testcase classname="com.vscodefirstproject.AppTest" name="bluechoicelogin" time="0.213"/>
</testsuite> <!-- com.vscodefirstproject.AppTest -->
